<?xml version="1.0" encoding="UTF-8" ?>
<testsuite tests="12" failures="0" name="step_definitions.RunCukesTest" time="0.743" errors="0" skipped="0">
  <properties>
    <property name="idea.version" value="2022.3.3"/>
    <property name="java.runtime.name" value="Java(TM) SE Runtime Environment"/>
    <property name="sun.boot.library.path" value="D:\JavaProgram\JDK-8\jre\bin"/>
    <property name="java.vm.version" value="25.361-b09"/>
    <property name="java.vm.vendor" value="Oracle Corporation"/>
    <property name="maven.multiModuleProjectDirectory" value="D:\Alta\Alta QE\Notes &amp; Assignments\Unit 2\W2\SauceDemoBDDTugas"/>
    <property name="java.vendor.url" value="http://java.oracle.com/"/>
    <property name="path.separator" value=";"/>
    <property name="guice.disable.misplaced.annotation.check" value="true"/>
    <property name="java.vm.name" value="Java HotSpot(TM) 64-Bit Server VM"/>
    <property name="file.encoding.pkg" value="sun.io"/>
    <property name="user.script" value=""/>
    <property name="user.country" value="ID"/>
    <property name="sun.java.launcher" value="SUN_STANDARD"/>
    <property name="sun.os.patch.level" value=""/>
    <property name="java.vm.specification.name" value="Java Virtual Machine Specification"/>
    <property name="user.dir" value="D:\Alta\Alta QE\Notes &amp; Assignments\Unit 2\W2\SauceDemoBDDTugas"/>
    <property name="java.runtime.version" value="1.8.0_361-b09"/>
    <property name="java.awt.graphicsenv" value="sun.awt.Win32GraphicsEnvironment"/>
    <property name="java.endorsed.dirs" value="D:\JavaProgram\JDK-8\jre\lib\endorsed"/>
    <property name="os.arch" value="amd64"/>
    <property name="java.io.tmpdir" value="C:\Users\ASUSEX~1\AppData\Local\Temp\"/>
    <property name="line.separator" value="
"/>
    <property name="java.vm.specification.vendor" value="Oracle Corporation"/>
    <property name="user.variant" value=""/>
    <property name="os.name" value="Windows 10"/>
    <property name="maven.ext.class.path" value="D:\IntelliJ IDEA Community Edition 2022.3.3\plugins\maven\lib\maven-event-listener.jar"/>
    <property name="classworlds.conf" value="D:\IntelliJ IDEA Community Edition 2022.3.3\plugins\maven\lib\maven3\bin\m2.conf"/>
    <property name="sun.jnu.encoding" value="Cp1252"/>
    <property name="java.library.path" value="D:\JavaProgram\JDK-8\bin;C:\Windows\Sun\Java\bin;C:\Windows\system32;C:\Windows;C:\Program Files (x86)\Common Files\Oracle\Java\javapath;C:\Windows\system32;C:\Windows;C:\Windows\System32\Wbem;C:\Windows\System32\WindowsPowerShell\v1.0\;C:\Windows\System32\OpenSSH\;D:\JavaProgram\JDK-8\bin;D:\Git\cmd;D:\JavaProgram\JDK-8\bin;C:\Program Files\Maven\apache-maven-3.8.8\bin;C:\Users\ASUS ExpertBook\AppData\Local\Microsoft\WindowsApps;;."/>
    <property name="jansi.passthrough" value="true"/>
    <property name="maven.conf" value="D:\IntelliJ IDEA Community Edition 2022.3.3\plugins\maven\lib\maven3/conf"/>
    <property name="java.specification.name" value="Java Platform API Specification"/>
    <property name="java.class.version" value="52.0"/>
    <property name="sun.management.compiler" value="HotSpot 64-Bit Tiered Compilers"/>
    <property name="os.version" value="10.0"/>
    <property name="user.home" value="C:\Users\ASUS ExpertBook"/>
    <property name="user.timezone" value="Asia/Bangkok"/>
    <property name="java.awt.printerjob" value="sun.awt.windows.WPrinterJob"/>
    <property name="java.specification.version" value="1.8"/>
    <property name="file.encoding" value="UTF-8"/>
    <property name="user.name" value="ASUS ExpertBook"/>
    <property name="java.class.path" value="D:\IntelliJ IDEA Community Edition 2022.3.3\plugins\maven\lib\maven3\boot\plexus-classworlds-2.6.0.jar;D:\IntelliJ IDEA Community Edition 2022.3.3\plugins\maven\lib\maven3\boot\plexus-classworlds.license;D:\IntelliJ IDEA Community Edition 2022.3.3\lib\idea_rt.jar"/>
    <property name="java.vm.specification.version" value="1.8"/>
    <property name="sun.arch.data.model" value="64"/>
    <property name="java.home" value="D:\JavaProgram\JDK-8\jre"/>
    <property name="sun.java.command" value="org.codehaus.classworlds.Launcher -Didea.version=2022.3.3 test"/>
    <property name="java.specification.vendor" value="Oracle Corporation"/>
    <property name="user.language" value="en"/>
    <property name="awt.toolkit" value="sun.awt.windows.WToolkit"/>
    <property name="java.vm.info" value="mixed mode"/>
    <property name="java.version" value="1.8.0_361"/>
    <property name="java.ext.dirs" value="D:\JavaProgram\JDK-8\jre\lib\ext;C:\Windows\Sun\Java\lib\ext"/>
    <property name="sun.boot.class.path" value="D:\JavaProgram\JDK-8\jre\lib\resources.jar;D:\JavaProgram\JDK-8\jre\lib\rt.jar;D:\JavaProgram\JDK-8\jre\lib\jsse.jar;D:\JavaProgram\JDK-8\jre\lib\jce.jar;D:\JavaProgram\JDK-8\jre\lib\charsets.jar;D:\JavaProgram\JDK-8\jre\lib\jfr.jar;D:\JavaProgram\JDK-8\jre\classes"/>
    <property name="java.vendor" value="Oracle Corporation"/>
    <property name="java.specification.maintenance.version" value="4"/>
    <property name="maven.home" value="D:\IntelliJ IDEA Community Edition 2022.3.3\plugins\maven\lib\maven3"/>
    <property name="file.separator" value="\"/>
    <property name="java.vendor.url.bug" value="http://bugreport.sun.com/bugreport/"/>
    <property name="sun.cpu.endian" value="little"/>
    <property name="sun.io.unicode.encoding" value="UnicodeLittle"/>
    <property name="sun.desktop" value="windows"/>
    <property name="sun.cpu.isalist" value="amd64"/>
  </properties>
  <testcase classname="Scenario: Buying something" name="Given User already on website sauce demo" time="0.003"/>
  <testcase classname="Scenario: Buying something" name="When User input &quot;standard_user&quot; as userName and input &quot;secret_sauce&quot; as password" time="0"/>
  <testcase classname="Scenario: Buying something" name="Then User already on sales page" time="0"/>
  <testcase classname="Scenario: Buying something" name="When User choosing items on sales page" time="0"/>
  <testcase classname="Scenario: Buying something" name="Then User already on Your Cart page" time="0"/>
  <testcase classname="Scenario: Buying something" name="When User adjusting items in cart" time="0"/>
  <testcase classname="Scenario: Buying something" name="Then User already on checkout your information page" time="0"/>
  <testcase classname="Scenario: Buying something" name="When User input first name &quot;Andersen&quot; and last name &quot;Sebastian&quot; then the zip code &quot;59567&quot;" time="0"/>
  <testcase classname="Scenario: Buying something" name="Then User already on checkout overview page" time="0"/>
  <testcase classname="Scenario: Buying something" name="When User ready to checkout" time="0"/>
  <testcase classname="Scenario: Buying something" name="Then User finish checktout" time="0"/>
  <testcase classname="Scenario: Buying something" name="Scenario: Buying something" time="0.74"/>
</testsuite>